2026-02-02T14:16:26.077310Z  INFO ralph: Found existing scratchpad at '.ralph/agent/scratchpad.md', continuing from previous state
2026-02-02T14:16:26.079129Z  INFO ralph_telegram::service: Telegram service starting bot_token=8591...7aFo workspace=/home/daniele/personal/learning/rustrch/rustrch-edu timeout_secs=120
2026-02-02T14:16:26.270239Z  INFO ralph_telegram::service: Registered bot commands with Telegram API
2026-02-02T14:16:26.270292Z  INFO ralph_telegram::service: Telegram polling task started loop_id=main
2026-02-02T14:16:26.294377Z  INFO ralph_telegram::service: Sent greeting to chat 6166789345
2026-02-02T14:16:26.294443Z  INFO ralph_telegram::service: Telegram service started — polling for incoming messages
2026-02-02T14:16:26.294463Z  INFO ralph::loop_runner: Robot human-in-the-loop service active bot_token=8591...7aFo timeout_secs=120
2026-02-02T14:16:26.396604Z  INFO ralph_core::event_loop: Memory injection check: enabled=true, inject=Auto, workspace_root="/home/daniele/personal/learning/rustrch/rustrch-edu"
2026-02-02T14:16:26.396631Z  INFO ralph_core::event_loop: Looking for memories at: "/home/daniele/personal/learning/rustrch/rustrch-edu/.ralph/agent/memories.md" (exists: true)
2026-02-02T14:16:26.398298Z  INFO ralph_core::event_loop: Successfully loaded 1 memories from store
2026-02-02T14:16:26.398324Z  INFO ralph_core::event_loop: Injecting 1 memories (187 chars) into prompt
2026-02-02T14:16:26.398360Z  INFO ralph_core::event_loop: Injecting scratchpad (695 chars) into prompt
2026-02-02T14:16:26.398415Z  INFO ralph_core::event_loop: Injecting ready tasks (3 ready, 3 open, 1 closed) into prompt
2026-02-02T14:17:37.992176Z  INFO ralph_core::event_loop: Persisted human guidance to scratchpad count=1
2026-02-02T14:17:37.992234Z  INFO ralph_core::event_loop: Memory injection check: enabled=true, inject=Auto, workspace_root="/home/daniele/personal/learning/rustrch/rustrch-edu"
2026-02-02T14:17:37.992240Z  INFO ralph_core::event_loop: Looking for memories at: "/home/daniele/personal/learning/rustrch/rustrch-edu/.ralph/agent/memories.md" (exists: true)
2026-02-02T14:17:37.992287Z  INFO ralph_core::event_loop: Successfully loaded 1 memories from store
2026-02-02T14:17:37.992299Z  INFO ralph_core::event_loop: Injecting 1 memories (187 chars) into prompt
2026-02-02T14:17:37.992316Z  INFO ralph_core::event_loop: Injecting scratchpad (747 chars) into prompt
2026-02-02T14:17:37.992339Z  INFO ralph_core::event_loop: Injecting ready tasks (3 ready, 3 open, 1 closed) into prompt
2026-02-02T14:17:37.992350Z  WARN ralph::loop_runner: Failed to create backend from hat configuration for 'writer': custom backend requires a command to be specified. Falling back to global backend.
2026-02-02T14:18:48.963723Z  INFO ralph_core::event_loop: Memory injection check: enabled=true, inject=Auto, workspace_root="/home/daniele/personal/learning/rustrch/rustrch-edu"
2026-02-02T14:18:48.963744Z  INFO ralph_core::event_loop: Looking for memories at: "/home/daniele/personal/learning/rustrch/rustrch-edu/.ralph/agent/memories.md" (exists: true)
2026-02-02T14:18:48.963790Z  INFO ralph_core::event_loop: Successfully loaded 1 memories from store
2026-02-02T14:18:48.963795Z  INFO ralph_core::event_loop: Injecting 1 memories (187 chars) into prompt
2026-02-02T14:18:48.963812Z  INFO ralph_core::event_loop: Injecting scratchpad (747 chars) into prompt
2026-02-02T14:18:48.963832Z  INFO ralph_core::event_loop: Injecting ready tasks (2 ready, 2 open, 2 closed) into prompt
2026-02-02T14:20:32.342646Z  INFO ralph_core::event_loop: Memory injection check: enabled=true, inject=Auto, workspace_root="/home/daniele/personal/learning/rustrch/rustrch-edu"
2026-02-02T14:20:32.342668Z  INFO ralph_core::event_loop: Looking for memories at: "/home/daniele/personal/learning/rustrch/rustrch-edu/.ralph/agent/memories.md" (exists: true)
2026-02-02T14:20:32.342790Z  INFO ralph_core::event_loop: Successfully loaded 1 memories from store
2026-02-02T14:20:32.342809Z  INFO ralph_core::event_loop: Injecting 1 memories (187 chars) into prompt
2026-02-02T14:20:32.342835Z  INFO ralph_core::event_loop: Injecting scratchpad (990 chars) into prompt
2026-02-02T14:20:32.342869Z  INFO ralph_core::event_loop: Injecting ready tasks (2 ready, 2 open, 2 closed) into prompt
2026-02-02T14:21:27.853859Z  INFO ralph_core::event_loop: Memory injection check: enabled=true, inject=Auto, workspace_root="/home/daniele/personal/learning/rustrch/rustrch-edu"
2026-02-02T14:21:27.853880Z  INFO ralph_core::event_loop: Looking for memories at: "/home/daniele/personal/learning/rustrch/rustrch-edu/.ralph/agent/memories.md" (exists: true)
2026-02-02T14:21:27.853921Z  INFO ralph_core::event_loop: Successfully loaded 1 memories from store
2026-02-02T14:21:27.853925Z  INFO ralph_core::event_loop: Injecting 1 memories (187 chars) into prompt
2026-02-02T14:21:27.853939Z  INFO ralph_core::event_loop: Injecting scratchpad (990 chars) into prompt
2026-02-02T14:21:27.853961Z  INFO ralph_core::event_loop: Injecting ready tasks (1 ready, 1 open, 3 closed) into prompt
2026-02-02T14:21:27.853969Z  WARN ralph::loop_runner: Failed to create backend from hat configuration for 'writer': custom backend requires a command to be specified. Falling back to global backend.
2026-02-02T14:23:03.084921Z  INFO ralph_core::event_loop: Memory injection check: enabled=true, inject=Auto, workspace_root="/home/daniele/personal/learning/rustrch/rustrch-edu"
2026-02-02T14:23:03.084956Z  INFO ralph_core::event_loop: Looking for memories at: "/home/daniele/personal/learning/rustrch/rustrch-edu/.ralph/agent/memories.md" (exists: true)
2026-02-02T14:23:03.085013Z  INFO ralph_core::event_loop: Successfully loaded 1 memories from store
2026-02-02T14:23:03.085028Z  INFO ralph_core::event_loop: Injecting 1 memories (187 chars) into prompt
2026-02-02T14:23:03.085044Z  INFO ralph_core::event_loop: Injecting scratchpad (990 chars) into prompt
2026-02-02T14:23:03.085066Z  INFO ralph_core::event_loop: Injecting ready tasks (1 ready, 1 open, 3 closed) into prompt
2026-02-02T14:24:28.363502Z  INFO ralph_core::event_loop: Memory injection check: enabled=true, inject=Auto, workspace_root="/home/daniele/personal/learning/rustrch/rustrch-edu"
2026-02-02T14:24:28.363526Z  INFO ralph_core::event_loop: Looking for memories at: "/home/daniele/personal/learning/rustrch/rustrch-edu/.ralph/agent/memories.md" (exists: true)
2026-02-02T14:24:28.363582Z  INFO ralph_core::event_loop: Successfully loaded 1 memories from store
2026-02-02T14:24:28.363593Z  INFO ralph_core::event_loop: Injecting 1 memories (187 chars) into prompt
2026-02-02T14:24:28.363610Z  INFO ralph_core::event_loop: Injecting scratchpad (1211 chars) into prompt
2026-02-02T14:24:28.363634Z  INFO ralph_core::event_loop: Injecting ready tasks (1 ready, 1 open, 3 closed) into prompt
2026-02-02T14:24:28.363639Z  WARN ralph::loop_runner: Failed to create backend from hat configuration for 'writer': custom backend requires a command to be specified. Falling back to global backend.
2026-02-02T14:25:47.549764Z  INFO ralph_core::event_loop: Memory injection check: enabled=true, inject=Auto, workspace_root="/home/daniele/personal/learning/rustrch/rustrch-edu"
2026-02-02T14:25:47.549785Z  INFO ralph_core::event_loop: Looking for memories at: "/home/daniele/personal/learning/rustrch/rustrch-edu/.ralph/agent/memories.md" (exists: true)
2026-02-02T14:25:47.549826Z  INFO ralph_core::event_loop: Successfully loaded 1 memories from store
2026-02-02T14:25:47.549830Z  INFO ralph_core::event_loop: Injecting 1 memories (187 chars) into prompt
2026-02-02T14:25:47.549844Z  INFO ralph_core::event_loop: Injecting scratchpad (1588 chars) into prompt
2026-02-02T14:25:47.549869Z  INFO ralph_core::event_loop: Injecting ready tasks (1 ready, 1 open, 3 closed) into prompt
2026-02-02T14:26:33.679847Z  INFO ralph_core::event_loop: Memory injection check: enabled=true, inject=Auto, workspace_root="/home/daniele/personal/learning/rustrch/rustrch-edu"
2026-02-02T14:26:33.679870Z  INFO ralph_core::event_loop: Looking for memories at: "/home/daniele/personal/learning/rustrch/rustrch-edu/.ralph/agent/memories.md" (exists: true)
2026-02-02T14:26:33.679923Z  INFO ralph_core::event_loop: Successfully loaded 1 memories from store
2026-02-02T14:26:33.679934Z  INFO ralph_core::event_loop: Injecting 1 memories (187 chars) into prompt
2026-02-02T14:26:33.679950Z  INFO ralph_core::event_loop: Injecting scratchpad (1588 chars) into prompt
2026-02-02T14:26:33.679975Z  INFO ralph_core::event_loop: Injecting ready tasks (1 ready, 1 open, 4 closed) into prompt
2026-02-02T14:26:33.679981Z  WARN ralph::loop_runner: Failed to create backend from hat configuration for 'writer': custom backend requires a command to be specified. Falling back to global backend.
2026-02-02T14:26:49.330075Z  INFO ralph_telegram::service: Received Telegram message chat_id=6166789345 text=/status
2026-02-02T14:26:54.400108Z  INFO ralph_telegram::service: Received Telegram message chat_id=6166789345 text=/tasks
2026-02-02T14:27:00.301387Z  INFO ralph_telegram::service: Received Telegram message chat_id=6166789345 text=/memories
2026-02-02T14:27:17.130622Z  INFO ralph_telegram::service: Received Telegram message chat_id=6166789345 text=/tail
2026-02-02T14:27:56.225720Z  INFO ralph_core::event_loop: Memory injection check: enabled=true, inject=Auto, workspace_root="/home/daniele/personal/learning/rustrch/rustrch-edu"
2026-02-02T14:27:56.225742Z  INFO ralph_core::event_loop: Looking for memories at: "/home/daniele/personal/learning/rustrch/rustrch-edu/.ralph/agent/memories.md" (exists: true)
2026-02-02T14:27:56.225784Z  INFO ralph_core::event_loop: Successfully loaded 1 memories from store
2026-02-02T14:27:56.225788Z  INFO ralph_core::event_loop: Injecting 1 memories (187 chars) into prompt
2026-02-02T14:27:56.225801Z  INFO ralph_core::event_loop: Injecting scratchpad (1588 chars) into prompt
2026-02-02T14:27:56.225827Z  INFO ralph_core::event_loop: Injecting ready tasks (1 ready, 1 open, 4 closed) into prompt
2026-02-02T14:28:14.583965Z  INFO ralph_core::event_loop: Memory injection check: enabled=true, inject=Auto, workspace_root="/home/daniele/personal/learning/rustrch/rustrch-edu"
2026-02-02T14:28:14.584002Z  INFO ralph_core::event_loop: Looking for memories at: "/home/daniele/personal/learning/rustrch/rustrch-edu/.ralph/agent/memories.md" (exists: true)
2026-02-02T14:28:14.584069Z  INFO ralph_core::event_loop: Successfully loaded 1 memories from store
2026-02-02T14:28:14.584076Z  INFO ralph_core::event_loop: Injecting 1 memories (187 chars) into prompt
2026-02-02T14:28:14.584099Z  INFO ralph_core::event_loop: Injecting scratchpad (1588 chars) into prompt
2026-02-02T14:28:14.584135Z  INFO ralph_core::event_loop: Injecting ready tasks (1 ready, 1 open, 4 closed) into prompt
2026-02-02T14:28:14.584145Z  WARN ralph::loop_runner: Failed to create backend from hat configuration for 'writer': custom backend requires a command to be specified. Falling back to global backend.
2026-02-02T14:29:21.769702Z  INFO ralph_core::event_loop: Memory injection check: enabled=true, inject=Auto, workspace_root="/home/daniele/personal/learning/rustrch/rustrch-edu"
2026-02-02T14:29:21.769727Z  INFO ralph_core::event_loop: Looking for memories at: "/home/daniele/personal/learning/rustrch/rustrch-edu/.ralph/agent/memories.md" (exists: true)
2026-02-02T14:29:21.769767Z  INFO ralph_core::event_loop: Successfully loaded 1 memories from store
2026-02-02T14:29:21.769771Z  INFO ralph_core::event_loop: Injecting 1 memories (187 chars) into prompt
2026-02-02T14:29:21.769786Z  INFO ralph_core::event_loop: Injecting scratchpad (1588 chars) into prompt
2026-02-02T14:29:21.769808Z  INFO ralph_core::event_loop: Injecting ready tasks (1 ready, 1 open, 4 closed) into prompt
2026-02-02T14:29:52.549402Z  INFO ralph_core::event_loop: Memory injection check: enabled=true, inject=Auto, workspace_root="/home/daniele/personal/learning/rustrch/rustrch-edu"
2026-02-02T14:29:52.549423Z  INFO ralph_core::event_loop: Looking for memories at: "/home/daniele/personal/learning/rustrch/rustrch-edu/.ralph/agent/memories.md" (exists: true)
2026-02-02T14:29:52.549471Z  INFO ralph_core::event_loop: Successfully loaded 1 memories from store
2026-02-02T14:29:52.549476Z  INFO ralph_core::event_loop: Injecting 1 memories (187 chars) into prompt
2026-02-02T14:29:52.549499Z  INFO ralph_core::event_loop: Injecting scratchpad (1892 chars) into prompt
2026-02-02T14:29:52.549522Z  INFO ralph_core::event_loop: Injecting ready tasks (1 ready, 1 open, 4 closed) into prompt
2026-02-02T14:29:52.549528Z  WARN ralph::loop_runner: Failed to create backend from hat configuration for 'writer': custom backend requires a command to be specified. Falling back to global backend.
2026-02-02T14:31:20.000325Z  INFO ralph_core::event_loop: Memory injection check: enabled=true, inject=Auto, workspace_root="/home/daniele/personal/learning/rustrch/rustrch-edu"
2026-02-02T14:31:20.000347Z  INFO ralph_core::event_loop: Looking for memories at: "/home/daniele/personal/learning/rustrch/rustrch-edu/.ralph/agent/memories.md" (exists: true)
2026-02-02T14:31:20.000390Z  INFO ralph_core::event_loop: Successfully loaded 1 memories from store
2026-02-02T14:31:20.000394Z  INFO ralph_core::event_loop: Injecting 1 memories (187 chars) into prompt
2026-02-02T14:31:20.000410Z  INFO ralph_core::event_loop: Injecting scratchpad (1965 chars) into prompt
2026-02-02T14:31:20.000431Z  INFO ralph_core::event_loop: Injecting ready tasks (1 ready, 1 open, 4 closed) into prompt
2026-02-02T14:31:51.811757Z  INFO ralph_core::event_loop: Memory injection check: enabled=true, inject=Auto, workspace_root="/home/daniele/personal/learning/rustrch/rustrch-edu"
2026-02-02T14:31:51.811779Z  INFO ralph_core::event_loop: Looking for memories at: "/home/daniele/personal/learning/rustrch/rustrch-edu/.ralph/agent/memories.md" (exists: true)
2026-02-02T14:31:51.811828Z  INFO ralph_core::event_loop: Successfully loaded 1 memories from store
2026-02-02T14:31:51.811832Z  INFO ralph_core::event_loop: Injecting 1 memories (187 chars) into prompt
2026-02-02T14:31:51.811850Z  INFO ralph_core::event_loop: Injecting scratchpad (1965 chars) into prompt
2026-02-02T14:31:51.811870Z  INFO ralph_core::event_loop: Injecting ready tasks (1 ready, 1 open, 4 closed) into prompt
2026-02-02T14:32:42.629238Z  INFO ralph_core::event_loop: Memory injection check: enabled=true, inject=Auto, workspace_root="/home/daniele/personal/learning/rustrch/rustrch-edu"
2026-02-02T14:32:42.629261Z  INFO ralph_core::event_loop: Looking for memories at: "/home/daniele/personal/learning/rustrch/rustrch-edu/.ralph/agent/memories.md" (exists: true)
2026-02-02T14:32:42.629311Z  INFO ralph_core::event_loop: Successfully loaded 1 memories from store
2026-02-02T14:32:42.629317Z  INFO ralph_core::event_loop: Injecting 1 memories (187 chars) into prompt
2026-02-02T14:32:42.629338Z  INFO ralph_core::event_loop: Injecting scratchpad (2356 chars) into prompt
2026-02-02T14:32:42.629362Z  INFO ralph_core::event_loop: Injecting ready tasks (1 ready, 1 open, 5 closed) into prompt
2026-02-02T14:32:42.629368Z  WARN ralph::loop_runner: Failed to create backend from hat configuration for 'writer': custom backend requires a command to be specified. Falling back to global backend.
2026-02-02T14:33:02.043587Z  INFO ralph_telegram::service: Received Telegram message chat_id=6166789345 text=/tasks
2026-02-02T14:33:07.862048Z  INFO ralph_telegram::service: Received Telegram message chat_id=6166789345 text=/memories
2026-02-02T14:33:10.573623Z  INFO ralph_telegram::service: Received Telegram message chat_id=6166789345 text=/status
2026-02-02T14:33:44.597144Z  INFO ralph_core::event_loop: Memory injection check: enabled=true, inject=Auto, workspace_root="/home/daniele/personal/learning/rustrch/rustrch-edu"
2026-02-02T14:33:44.597163Z  INFO ralph_core::event_loop: Looking for memories at: "/home/daniele/personal/learning/rustrch/rustrch-edu/.ralph/agent/memories.md" (exists: true)
2026-02-02T14:33:44.597204Z  INFO ralph_core::event_loop: Successfully loaded 1 memories from store
2026-02-02T14:33:44.597208Z  INFO ralph_core::event_loop: Injecting 1 memories (187 chars) into prompt
2026-02-02T14:33:44.597223Z  INFO ralph_core::event_loop: Injecting scratchpad (2356 chars) into prompt
2026-02-02T14:33:44.597242Z  INFO ralph_core::event_loop: Injecting ready tasks (0 ready, 0 open, 6 closed) into prompt
2026-02-02T14:34:45.874912Z  INFO ralph_telegram::service: Received Telegram message chat_id=6166789345 text=/tasks
2026-02-02T14:34:50.878360Z  INFO ralph_telegram::service: Received Telegram message chat_id=6166789345 text=/tail
2026-02-02T14:35:05.671427Z  INFO ralph_telegram::service: Received Telegram message chat_id=6166789345 text=/status
2026-02-02T14:35:07.834524Z  INFO ralph_telegram::service: Received Telegram message chat_id=6166789345 text=/tasks
2026-02-02T14:35:09.159387Z  INFO ralph_core::event_loop: Memory injection check: enabled=true, inject=Auto, workspace_root="/home/daniele/personal/learning/rustrch/rustrch-edu"
2026-02-02T14:35:09.159413Z  INFO ralph_core::event_loop: Looking for memories at: "/home/daniele/personal/learning/rustrch/rustrch-edu/.ralph/agent/memories.md" (exists: true)
2026-02-02T14:35:09.159511Z  INFO ralph_core::event_loop: Successfully loaded 1 memories from store
2026-02-02T14:35:09.159527Z  INFO ralph_core::event_loop: Injecting 1 memories (187 chars) into prompt
2026-02-02T14:35:09.159547Z  INFO ralph_core::event_loop: Injecting scratchpad (2715 chars) into prompt
2026-02-02T14:35:09.159577Z  INFO ralph_core::event_loop: Injecting ready tasks (0 ready, 0 open, 6 closed) into prompt
2026-02-02T14:36:14.228968Z  INFO ralph_core::event_loop: Memory injection check: enabled=true, inject=Auto, workspace_root="/home/daniele/personal/learning/rustrch/rustrch-edu"
2026-02-02T14:36:14.229011Z  INFO ralph_core::event_loop: Looking for memories at: "/home/daniele/personal/learning/rustrch/rustrch-edu/.ralph/agent/memories.md" (exists: true)
2026-02-02T14:36:14.229108Z  INFO ralph_core::event_loop: Successfully loaded 1 memories from store
2026-02-02T14:36:14.229120Z  INFO ralph_core::event_loop: Injecting 1 memories (187 chars) into prompt
2026-02-02T14:36:14.229144Z  INFO ralph_core::event_loop: Injecting scratchpad (3029 chars) into prompt
2026-02-02T14:36:14.229171Z  INFO ralph_core::event_loop: Injecting ready tasks (0 ready, 0 open, 6 closed) into prompt
2026-02-02T14:37:00.689838Z  INFO ralph_core::event_loop: Completion event detected in JSONL topic=LOOP_COMPLETE
2026-02-02T14:37:00.689904Z  INFO ralph_core::event_loop: Completion event detected - terminating
2026-02-02T14:37:00.689908Z  INFO ralph::loop_runner: Completion event LOOP_COMPLETE detected.
2026-02-02T14:37:00.882457Z  INFO ralph_telegram::service: Sent farewell to chat 6166789345
2026-02-02T14:37:00.882508Z  INFO ralph_telegram::service: Telegram service stopped workspace=/home/daniele/personal/learning/rustrch/rustrch-edu
2026-02-02T14:37:00.882725Z  INFO ralph_core::event_loop: Wrapping up: completed. 19 iterations in 20m 35s. reason=completed iterations=19 duration=20m 35s
2026-02-02T14:37:00.891155Z  INFO ralph_core::landing: Beginning landing sequence loop_id=primary
2026-02-02T14:37:00.930312Z  INFO ralph_core::landing: Auto-committed changes during landing loop_id=primary commit=Some("72beea2c653387f57637dd6bc65bd7078ce85f5b") files=92
2026-02-02T14:37:00.937665Z  INFO ralph_core::landing: Generated handoff file loop_id=primary path=/home/daniele/personal/learning/rustrch/rustrch-edu/.ralph/agent/handoff.md completed=6 open=0
2026-02-02T14:37:00.938945Z  INFO ralph_core::loop_completion: Landing completed with auto-commit commit=Some("72beea2c653387f57637dd6bc65bd7078ce85f5b") handoff=/home/daniele/personal/learning/rustrch/rustrch-edu/.ralph/agent/handoff.md
2026-02-02T14:37:00.938955Z  INFO ralph::loop_runner: Primary loop landed successfully committed=true handoff=/home/daniele/personal/learning/rustrch/rustrch-edu/.ralph/agent/handoff.md open_tasks=0
2026-02-02T14:37:08.270570Z  INFO ralph_telegram::service: Telegram polling task stopped loop_id=main
